2022-08-04 01:08:39 :: SQLSTATE[42000]: Syntax error or access violation: 1064 You have an error in your SQL syntax; check the manual that corresponds to your MySQL server version for the right syntax to use near 'tbl_users.id as user_id FROM tbl_service_requests LEFT JOIN tbl_users ON tbl_ser' at line 1: 348
2022-08-04 01:08:26 :: SQLSTATE[42000]: Syntax error or access violation: 1064 You have an error in your SQL syntax; check the manual that corresponds to your MySQL server version for the right syntax to use near '* FROM tbl_service_requests LEFT JOIN tbl_users ON tbl_service_requests.provider' at line 1: 348
2022-08-04 02:08:31 :: SQLSTATE[42000]: Syntax error or access violation: 1064 You have an error in your SQL syntax; check the manual that corresponds to your MySQL server version for the right syntax to use near 'tbl_users.user_type = 'customer' AND tbl_users.isActive = 'y' AND tbl_users.isEm' at line 1: 348
2022-08-04 02:08:42 :: SQLSTATE[42000]: Syntax error or access violation: 1064 You have an error in your SQL syntax; check the manual that corresponds to your MySQL server version for the right syntax to use near 'tbl_users.user_type = 'customer' AND tbl_users.isActive = 'y' AND tbl_users.isEm' at line 1: 348
2022-08-04 02:08:10 :: SQLSTATE[42000]: Syntax error or access violation: 1064 You have an error in your SQL syntax; check the manual that corresponds to your MySQL server version for the right syntax to use near 'tbl_users.user_type = 'customer' AND tbl_users.isActive = 'y' AND tbl_users.isEm' at line 1: 348
2022-08-04 02:08:19 :: SQLSTATE[42000]: Syntax error or access violation: 1064 You have an error in your SQL syntax; check the manual that corresponds to your MySQL server version for the right syntax to use near 'tbl_users.user_type = 'customer' AND tbl_users.isActive = 'y' AND tbl_users.isEm' at line 1: 348
2022-08-04 02:08:15 :: invalid operation GROUP called in query. use only SELECT, INSERT, UPDATE, DELETE, SHOW
2022-08-04 02:08:15 :: SQLSTATE[42000]: Syntax error or access violation: 1064 You have an error in your SQL syntax; check the manual that corresponds to your MySQL server version for the right syntax to use near 'GROUP BY id' at line 1: 348
2022-08-04 02:08:30 :: invalid operation GROUP called in query. use only SELECT, INSERT, UPDATE, DELETE, SHOW
2022-08-04 02:08:30 :: SQLSTATE[42000]: Syntax error or access violation: 1064 You have an error in your SQL syntax; check the manual that corresponds to your MySQL server version for the right syntax to use near 'GROUP BY tbl_users.id' at line 1: 348
2022-08-04 02:08:58 :: invalid operation GROUP called in query. use only SELECT, INSERT, UPDATE, DELETE, SHOW
2022-08-04 02:08:58 :: SQLSTATE[42000]: Syntax error or access violation: 1064 You have an error in your SQL syntax; check the manual that corresponds to your MySQL server version for the right syntax to use near 'GROUP BY tbl_users.id' at line 1: 348
2022-08-04 02:08:21 :: invalid operation GROUP called in query. use only SELECT, INSERT, UPDATE, DELETE, SHOW
2022-08-04 02:08:21 :: SQLSTATE[42000]: Syntax error or access violation: 1064 You have an error in your SQL syntax; check the manual that corresponds to your MySQL server version for the right syntax to use near 'GROUP BY tbl_users.id' at line 1: 348
2022-08-04 02:08:23 :: invalid operation GROUP called in query. use only SELECT, INSERT, UPDATE, DELETE, SHOW
2022-08-04 02:08:23 :: SQLSTATE[42000]: Syntax error or access violation: 1064 You have an error in your SQL syntax; check the manual that corresponds to your MySQL server version for the right syntax to use near 'GROUP BY tbl_users.id' at line 1: 348
2022-08-04 02:08:24 :: invalid operation GROUP called in query. use only SELECT, INSERT, UPDATE, DELETE, SHOW
2022-08-04 02:08:24 :: SQLSTATE[42000]: Syntax error or access violation: 1064 You have an error in your SQL syntax; check the manual that corresponds to your MySQL server version for the right syntax to use near 'GROUP BY tbl_users.id' at line 1: 348
2022-08-04 02:08:26 :: invalid operation GROUP called in query. use only SELECT, INSERT, UPDATE, DELETE, SHOW
2022-08-04 02:08:26 :: SQLSTATE[42000]: Syntax error or access violation: 1064 You have an error in your SQL syntax; check the manual that corresponds to your MySQL server version for the right syntax to use near 'GROUP BY tbl_users.id' at line 1: 348
2022-08-04 02:08:41 :: invalid operation GROUP called in query. use only SELECT, INSERT, UPDATE, DELETE, SHOW
2022-08-04 02:08:41 :: SQLSTATE[42000]: Syntax error or access violation: 1064 You have an error in your SQL syntax; check the manual that corresponds to your MySQL server version for the right syntax to use near 'GROUP BY tbl_users.id' at line 1: 348
2022-08-04 02:08:55 :: invalid operation GROUP called in query. use only SELECT, INSERT, UPDATE, DELETE, SHOW
2022-08-04 02:08:55 :: SQLSTATE[42000]: Syntax error or access violation: 1064 You have an error in your SQL syntax; check the manual that corresponds to your MySQL server version for the right syntax to use near 'GROUP BY id' at line 1: 348
2022-08-04 02:08:03 :: invalid operation GROUP called in query. use only SELECT, INSERT, UPDATE, DELETE, SHOW
2022-08-04 02:08:03 :: SQLSTATE[42000]: Syntax error or access violation: 1064 You have an error in your SQL syntax; check the manual that corresponds to your MySQL server version for the right syntax to use near 'GROUP BY id' at line 1: 348
2022-08-04 02:08:25 :: SQLSTATE[23000]: Integrity constraint violation: 1052 Column 'id' in group statement is ambiguous: 348
2022-08-05 11:08:12 :: SQLSTATE[HY000]: General error: 1364 Field 'service_date' doesn't have a default value: 521
2022-08-05 11:08:28 :: SQLSTATE[HY000]: General error: 1364 Field 'service_date' doesn't have a default value: 521
2022-08-05 11:08:49 :: SQLSTATE[HY000]: General error: 1364 Field 'service_date' doesn't have a default value: 521
2022-08-05 11:08:00 :: SQLSTATE[HY000]: General error: 1364 Field 'service_date' doesn't have a default value: 521
2022-08-05 11:08:57 :: SQLSTATE[HY000]: General error: 1364 Field 'service_date' doesn't have a default value: 521
2022-08-05 12:08:09 :: SQLSTATE[HY000]: General error: 1364 Field 'service_date' doesn't have a default value: 521
2022-08-05 12:08:13 :: SQLSTATE[HY000]: General error: 1364 Field 'service_date' doesn't have a default value: 521
2022-08-05 12:08:12 :: SQLSTATE[HY000]: General error: 1364 Field 'service_date' doesn't have a default value: 521
2022-08-05 12:08:24 :: SQLSTATE[HY000]: General error: 1364 Field 'service_date' doesn't have a default value: 521
2022-10-07 03:10:27 :: SQLSTATE[42S22]: Column not found: 1054 Unknown column 'u.contactNos' in 'field list': 348
2022-10-07 03:10:02 :: SQLSTATE[42000]: Syntax error or access violation: 1064 You have an error in your SQL syntax; check the manual that corresponds to your MySQL server version for the right syntax to use near '' at line 1: 348
2022-10-13 01:10:38 :: SQLSTATE[42S22]: Column not found: 1054 Unknown column 'paypalEmail' in 'field list': 467
2022-10-13 01:10:58 :: SQLSTATE[42S22]: Column not found: 1054 Unknown column 'paypalEmail' in 'field list': 467
2022-10-17 11:10:04 :: SQLSTATE[42S22]: Column not found: 1054 Unknown column 'provider_id' in 'field list': 467
2022-10-17 11:10:45 :: SQLSTATE[42S22]: Column not found: 1054 Unknown column 'provider_id' in 'field list': 467
2022-11-04 06:11:10 :: SQLSTATE[42S22]: Column not found: 1054 Unknown column 'service_id' in 'where clause': 467
2022-11-04 06:11:12 :: SQLSTATE[42S22]: Column not found: 1054 Unknown column 'service_id' in 'where clause': 467
2022-11-04 06:11:46 :: SQLSTATE[42S22]: Column not found: 1054 Unknown column 'service_id' in 'where clause': 467
2022-11-04 06:11:48 :: SQLSTATE[42S22]: Column not found: 1054 Unknown column 'service_id' in 'where clause': 467
2022-11-04 06:11:48 :: SQLSTATE[42S22]: Column not found: 1054 Unknown column 'service_id' in 'where clause': 467
2022-11-04 06:11:25 :: SQLSTATE[42S22]: Column not found: 1054 Unknown column 'service_id' in 'where clause': 467
2022-11-04 07:11:47 :: SQLSTATE[42S02]: Base table or view not found: 1146 Table 'autoserv_dbnm.user' doesn't exist: 348
2022-11-04 07:11:53 :: SQLSTATE[42S02]: Base table or view not found: 1146 Table 'autoserv_dbnm.user' doesn't exist: 348
2022-11-04 07:11:44 :: SQLSTATE[42S02]: Base table or view not found: 1146 Table 'autoserv_dbnm.user' doesn't exist: 348
2022-11-04 07:11:25 :: SQLSTATE[42S22]: Column not found: 1054 Unknown column 'service_id' in 'where clause': 467
2022-11-04 07:11:43 :: SQLSTATE[42S22]: Column not found: 1054 Unknown column 'service_id' in 'where clause': 467
2022-11-04 07:11:50 :: SQLSTATE[42S22]: Column not found: 1054 Unknown column 'service_id' in 'where clause': 467
2022-11-04 07:11:56 :: SQLSTATE[42S22]: Column not found: 1054 Unknown column 'service_id' in 'where clause': 467
2022-11-04 07:11:07 :: SQLSTATE[42S22]: Column not found: 1054 Unknown column 'service_id' in 'where clause': 467
2022-11-04 07:11:13 :: SQLSTATE[42S22]: Column not found: 1054 Unknown column 'service_id' in 'where clause': 467
2022-11-04 07:11:48 :: SQLSTATE[42S22]: Column not found: 1054 Unknown column 'service_id' in 'where clause': 467
2022-11-04 07:11:42 :: SQLSTATE[42S22]: Column not found: 1054 Unknown column 'service_id' in 'where clause': 467
2022-11-04 07:11:59 :: SQLSTATE[42S22]: Column not found: 1054 Unknown column 'service_id' in 'where clause': 467
2022-11-04 07:11:47 :: SQLSTATE[42S22]: Column not found: 1054 Unknown column 'service_id' in 'where clause': 467
2022-11-04 07:11:48 :: SQLSTATE[42S22]: Column not found: 1054 Unknown column 'service_id' in 'where clause': 467
2022-11-04 07:11:49 :: SQLSTATE[42S22]: Column not found: 1054 Unknown column 'service_id' in 'where clause': 467
2022-11-04 07:11:23 :: SQLSTATE[42S22]: Column not found: 1054 Unknown column 'service_id' in 'where clause': 467
2022-11-04 07:11:39 :: SQLSTATE[42S22]: Column not found: 1054 Unknown column 'service_id' in 'where clause': 467
2022-11-04 07:11:59 :: SQLSTATE[42S22]: Column not found: 1054 Unknown column 'service_id' in 'where clause': 467
2022-11-04 07:11:15 :: invalid operation TBL_SERVICES called in query. use only SELECT, INSERT, UPDATE, DELETE, SHOW
2022-11-04 07:11:15 :: SQLSTATE[42000]: Syntax error or access violation: 1064 You have an error in your SQL syntax; check the manual that corresponds to your MySQL server version for the right syntax to use near 'tbl_services' at line 1: 402
